<?xml version="1.0" encoding="utf-8" standalone="no"?>
<!--This file represents the results of running a test suite-->
<test-results name="C:\Users\adnan.masood\Dropbox\edu\My Books\F# Data Structure Book\source\FSDataStructuresandAlgorithms\HelloWorld.Tests\HelloWorld.nunit" total="0" errors="0" failures="0" not-run="0" inconclusive="0" ignored="0" skipped="0" invalid="0" date="2014-12-28" time="08:13:52">
  <environment nunit-version="2.6.4.14350" clr-version="2.0.50727.5485" os-version="Microsoft Windows NT 6.1.7601 Service Pack 1" platform="Win32NT" cwd="C:\Windows\system32" machine-name="TAM-AMASOOD-L1" user="Adnan.Masood" user-domain="NEXTESTATE" />
  <culture-info current-culture="en-US" current-uiculture="en-US" />
  <test-suite type="Project" name="C:\Users\adnan.masood\Dropbox\edu\My Books\F# Data Structure Book\source\FSDataStructuresandAlgorithms\HelloWorld.Tests\HelloWorld.nunit" executed="True" result="Inconclusive" success="False" time="0.001" asserts="0">
    <results>
      <test-suite type="Assembly" name="C:\Users\adnan.masood\Dropbox\edu\My Books\F# Data Structure Book\source\FSDataStructuresandAlgorithms\HelloWorld.ILTests\bin\Debug\HelloWorld.ILTests.dll" executed="True" result="Inconclusive" success="False" time="0.000" asserts="0" />
    </results>
  </test-suite>
</test-results>